{"C:\\Data\\Code\\Express\\ECommerce-ExpressJs-Solution-main\\Express\\app.js": {"path":"C:\\Data\\Code\\Express\\ECommerce-ExpressJs-Solution-main\\Express\\app.js","statementMap":{"0":{"start":{"line":2,"column":16},"end":{"line":2,"column":34}},"1":{"start":{"line":3,"column":13},"end":{"line":3,"column":28}},"2":{"start":{"line":4,"column":19},"end":{"line":4,"column":41}},"3":{"start":{"line":5,"column":12},"end":{"line":5,"column":21}},"4":{"start":{"line":6,"column":15},"end":{"line":6,"column":40}},"5":{"start":{"line":9,"column":0},"end":{"line":9,"column":30}},"6":{"start":{"line":10,"column":0},"end":{"line":10,"column":48}},"7":{"start":{"line":13,"column":0},"end":{"line":13,"column":56}},"8":{"start":{"line":16,"column":0},"end":{"line":16,"column":52}},"9":{"start":{"line":19,"column":0},"end":{"line":19,"column":21}},"10":{"start":{"line":21,"column":0},"end":{"line":21,"column":21}}},"fnMap":{},"branchMap":{},"s":{"0":3,"1":3,"2":3,"3":3,"4":3,"5":3,"6":3,"7":3,"8":3,"9":3,"10":3},"f":{},"b":{},"_coverageSchema":"1a1c01bbd47fc00a2c39e90264f33305004495a9","hash":"e0876ea9291d8c7038c6f9ba7d09f19643652f0f"}
,"C:\\Data\\Code\\Express\\ECommerce-ExpressJs-Solution-main\\Express\\controllers\\commentController.js": {"path":"C:\\Data\\Code\\Express\\ECommerce-ExpressJs-Solution-main\\Express\\controllers\\commentController.js","statementMap":{"0":{"start":{"line":2,"column":16},"end":{"line":2,"column":44}},"1":{"start":{"line":4,"column":0},"end":{"line":8,"column":2}},"2":{"start":{"line":5,"column":38},"end":{"line":5,"column":46}},"3":{"start":{"line":6,"column":2},"end":{"line":6,"column":42}},"4":{"start":{"line":7,"column":2},"end":{"line":7,"column":34}}},"fnMap":{"0":{"name":"(anonymous_0)","decl":{"start":{"line":4,"column":17},"end":{"line":4,"column":18}},"loc":{"start":{"line":4,"column":31},"end":{"line":8,"column":1}},"line":4}},"branchMap":{},"s":{"0":3,"1":3,"2":0,"3":0,"4":0},"f":{"0":0},"b":{},"_coverageSchema":"1a1c01bbd47fc00a2c39e90264f33305004495a9","hash":"bbbd5ae385044b09bcd512065d0879958dbb08ff"}
,"C:\\Data\\Code\\Express\\ECommerce-ExpressJs-Solution-main\\Express\\controllers\\postController.js": {"path":"C:\\Data\\Code\\Express\\ECommerce-ExpressJs-Solution-main\\Express\\controllers\\postController.js","statementMap":{"0":{"start":{"line":2,"column":13},"end":{"line":2,"column":38}},"1":{"start":{"line":3,"column":17},"end":{"line":3,"column":46}},"2":{"start":{"line":4,"column":16},"end":{"line":4,"column":44}},"3":{"start":{"line":6,"column":0},"end":{"line":10,"column":2}},"4":{"start":{"line":7,"column":18},"end":{"line":7,"column":31}},"5":{"start":{"line":8,"column":23},"end":{"line":8,"column":40}},"6":{"start":{"line":9,"column":4},"end":{"line":9,"column":47}},"7":{"start":{"line":12,"column":0},"end":{"line":21,"column":2}},"8":{"start":{"line":13,"column":17},"end":{"line":13,"column":44}},"9":{"start":{"line":14,"column":21},"end":{"line":14,"column":55}},"10":{"start":{"line":16,"column":4},"end":{"line":20,"column":5}},"11":{"start":{"line":17,"column":8},"end":{"line":17,"column":47}},"12":{"start":{"line":19,"column":8},"end":{"line":19,"column":47}},"13":{"start":{"line":23,"column":0},"end":{"line":26,"column":2}},"14":{"start":{"line":24,"column":23},"end":{"line":24,"column":40}},"15":{"start":{"line":25,"column":4},"end":{"line":25,"column":41}},"16":{"start":{"line":28,"column":0},"end":{"line":32,"column":2}},"17":{"start":{"line":29,"column":43},"end":{"line":29,"column":51}},"18":{"start":{"line":30,"column":4},"end":{"line":30,"column":44}},"19":{"start":{"line":31,"column":4},"end":{"line":31,"column":22}},"20":{"start":{"line":34,"column":0},"end":{"line":42,"column":2}},"21":{"start":{"line":35,"column":17},"end":{"line":35,"column":44}},"22":{"start":{"line":36,"column":23},"end":{"line":36,"column":40}},"23":{"start":{"line":37,"column":4},"end":{"line":41,"column":5}},"24":{"start":{"line":38,"column":8},"end":{"line":38,"column":49}},"25":{"start":{"line":40,"column":8},"end":{"line":40,"column":47}},"26":{"start":{"line":44,"column":0},"end":{"line":52,"column":2}},"27":{"start":{"line":45,"column":43},"end":{"line":45,"column":51}},"28":{"start":{"line":46,"column":17},"end":{"line":46,"column":71}},"29":{"start":{"line":47,"column":4},"end":{"line":51,"column":5}},"30":{"start":{"line":48,"column":8},"end":{"line":48,"column":41}},"31":{"start":{"line":50,"column":8},"end":{"line":50,"column":47}},"32":{"start":{"line":54,"column":0},"end":{"line":61,"column":2}},"33":{"start":{"line":55,"column":20},"end":{"line":55,"column":46}},"34":{"start":{"line":56,"column":4},"end":{"line":60,"column":5}},"35":{"start":{"line":57,"column":8},"end":{"line":57,"column":26}},"36":{"start":{"line":59,"column":8},"end":{"line":59,"column":47}}},"fnMap":{"0":{"name":"(anonymous_0)","decl":{"start":{"line":6,"column":16},"end":{"line":6,"column":17}},"loc":{"start":{"line":6,"column":30},"end":{"line":10,"column":1}},"line":6},"1":{"name":"(anonymous_1)","decl":{"start":{"line":12,"column":15},"end":{"line":12,"column":16}},"loc":{"start":{"line":12,"column":29},"end":{"line":21,"column":1}},"line":12},"2":{"name":"(anonymous_2)","decl":{"start":{"line":23,"column":21},"end":{"line":23,"column":22}},"loc":{"start":{"line":23,"column":35},"end":{"line":26,"column":1}},"line":23},"3":{"name":"(anonymous_3)","decl":{"start":{"line":28,"column":17},"end":{"line":28,"column":18}},"loc":{"start":{"line":28,"column":31},"end":{"line":32,"column":1}},"line":28},"4":{"name":"(anonymous_4)","decl":{"start":{"line":34,"column":19},"end":{"line":34,"column":20}},"loc":{"start":{"line":34,"column":33},"end":{"line":42,"column":1}},"line":34},"5":{"name":"(anonymous_5)","decl":{"start":{"line":44,"column":15},"end":{"line":44,"column":16}},"loc":{"start":{"line":44,"column":29},"end":{"line":52,"column":1}},"line":44},"6":{"name":"(anonymous_6)","decl":{"start":{"line":54,"column":17},"end":{"line":54,"column":18}},"loc":{"start":{"line":54,"column":31},"end":{"line":61,"column":1}},"line":54}},"branchMap":{"0":{"loc":{"start":{"line":16,"column":4},"end":{"line":20,"column":5}},"type":"if","locations":[{"start":{"line":16,"column":4},"end":{"line":20,"column":5}},{"start":{"line":18,"column":11},"end":{"line":20,"column":5}}],"line":16},"1":{"loc":{"start":{"line":37,"column":4},"end":{"line":41,"column":5}},"type":"if","locations":[{"start":{"line":37,"column":4},"end":{"line":41,"column":5}},{"start":{"line":39,"column":11},"end":{"line":41,"column":5}}],"line":37},"2":{"loc":{"start":{"line":47,"column":4},"end":{"line":51,"column":5}},"type":"if","locations":[{"start":{"line":47,"column":4},"end":{"line":51,"column":5}},{"start":{"line":49,"column":11},"end":{"line":51,"column":5}}],"line":47},"3":{"loc":{"start":{"line":56,"column":4},"end":{"line":60,"column":5}},"type":"if","locations":[{"start":{"line":56,"column":4},"end":{"line":60,"column":5}},{"start":{"line":58,"column":11},"end":{"line":60,"column":5}}],"line":56}},"s":{"0":3,"1":3,"2":3,"3":3,"4":2,"5":2,"6":2,"7":3,"8":2,"9":2,"10":2,"11":2,"12":0,"13":3,"14":2,"15":2,"16":3,"17":1,"18":1,"19":1,"20":3,"21":2,"22":2,"23":2,"24":2,"25":0,"26":3,"27":1,"28":1,"29":1,"30":1,"31":0,"32":3,"33":2,"34":2,"35":2,"36":0},"f":{"0":2,"1":2,"2":2,"3":1,"4":2,"5":1,"6":2},"b":{"0":[2,0],"1":[2,0],"2":[1,0],"3":[2,0]},"_coverageSchema":"1a1c01bbd47fc00a2c39e90264f33305004495a9","hash":"6ddd3a05b5d00fa10a9e3242201fb3752b4611bf"}
,"C:\\Data\\Code\\Express\\ECommerce-ExpressJs-Solution-main\\Express\\models\\category.js": {"path":"C:\\Data\\Code\\Express\\ECommerce-ExpressJs-Solution-main\\Express\\models\\category.js","statementMap":{"0":{"start":{"line":3,"column":8},"end":{"line":3,"column":29}},"1":{"start":{"line":4,"column":8},"end":{"line":4,"column":27}},"2":{"start":{"line":8,"column":28},"end":{"line":11,"column":9}},"3":{"start":{"line":12,"column":8},"end":{"line":12,"column":42}},"4":{"start":{"line":13,"column":8},"end":{"line":13,"column":27}},"5":{"start":{"line":17,"column":8},"end":{"line":17,"column":31}},"6":{"start":{"line":21,"column":8},"end":{"line":21,"column":78}},"7":{"start":{"line":21,"column":48},"end":{"line":21,"column":76}},"8":{"start":{"line":25,"column":0},"end":{"line":25,"column":32}}},"fnMap":{"0":{"name":"(anonymous_0)","decl":{"start":{"line":2,"column":4},"end":{"line":2,"column":5}},"loc":{"start":{"line":2,"column":18},"end":{"line":5,"column":5}},"line":2},"1":{"name":"(anonymous_1)","decl":{"start":{"line":7,"column":4},"end":{"line":7,"column":5}},"loc":{"start":{"line":7,"column":17},"end":{"line":14,"column":5}},"line":7},"2":{"name":"(anonymous_2)","decl":{"start":{"line":16,"column":4},"end":{"line":16,"column":5}},"loc":{"start":{"line":16,"column":13},"end":{"line":18,"column":5}},"line":16},"3":{"name":"(anonymous_3)","decl":{"start":{"line":20,"column":4},"end":{"line":20,"column":5}},"loc":{"start":{"line":20,"column":16},"end":{"line":22,"column":5}},"line":20},"4":{"name":"(anonymous_4)","decl":{"start":{"line":21,"column":36},"end":{"line":21,"column":37}},"loc":{"start":{"line":21,"column":48},"end":{"line":21,"column":76}},"line":21}},"branchMap":{},"s":{"0":4,"1":4,"2":17,"3":17,"4":17,"5":8,"6":2,"7":2,"8":4},"f":{"0":4,"1":17,"2":8,"3":2,"4":2},"b":{},"_coverageSchema":"1a1c01bbd47fc00a2c39e90264f33305004495a9","hash":"d53d1c52ac9219da2a0583cbac9aef6db40dd76c"}
,"C:\\Data\\Code\\Express\\ECommerce-ExpressJs-Solution-main\\Express\\models\\comment.js": {"path":"C:\\Data\\Code\\Express\\ECommerce-ExpressJs-Solution-main\\Express\\models\\comment.js","statementMap":{"0":{"start":{"line":3,"column":8},"end":{"line":3,"column":27}},"1":{"start":{"line":4,"column":8},"end":{"line":4,"column":27}},"2":{"start":{"line":8,"column":27},"end":{"line":14,"column":9}},"3":{"start":{"line":15,"column":8},"end":{"line":15,"column":39}},"4":{"start":{"line":16,"column":8},"end":{"line":16,"column":26}},"5":{"start":{"line":20,"column":8},"end":{"line":20,"column":94}},"6":{"start":{"line":20,"column":47},"end":{"line":20,"column":92}},"7":{"start":{"line":24,"column":0},"end":{"line":24,"column":31}}},"fnMap":{"0":{"name":"(anonymous_0)","decl":{"start":{"line":2,"column":4},"end":{"line":2,"column":5}},"loc":{"start":{"line":2,"column":18},"end":{"line":5,"column":5}},"line":2},"1":{"name":"(anonymous_1)","decl":{"start":{"line":7,"column":4},"end":{"line":7,"column":5}},"loc":{"start":{"line":7,"column":36},"end":{"line":17,"column":5}},"line":7},"2":{"name":"(anonymous_2)","decl":{"start":{"line":19,"column":4},"end":{"line":19,"column":5}},"loc":{"start":{"line":19,"column":24},"end":{"line":21,"column":5}},"line":19},"3":{"name":"(anonymous_3)","decl":{"start":{"line":20,"column":36},"end":{"line":20,"column":37}},"loc":{"start":{"line":20,"column":47},"end":{"line":20,"column":92}},"line":20}},"branchMap":{},"s":{"0":4,"1":4,"2":7,"3":7,"4":7,"5":6,"6":8,"7":4},"f":{"0":4,"1":7,"2":6,"3":8},"b":{},"_coverageSchema":"1a1c01bbd47fc00a2c39e90264f33305004495a9","hash":"84cc19c92dea02ba5c647ed6840fc3d4c8d3d896"}
,"C:\\Data\\Code\\Express\\ECommerce-ExpressJs-Solution-main\\Express\\models\\post.js": {"path":"C:\\Data\\Code\\Express\\ECommerce-ExpressJs-Solution-main\\Express\\models\\post.js","statementMap":{"0":{"start":{"line":3,"column":8},"end":{"line":3,"column":24}},"1":{"start":{"line":4,"column":8},"end":{"line":4,"column":27}},"2":{"start":{"line":8,"column":24},"end":{"line":14,"column":9}},"3":{"start":{"line":15,"column":8},"end":{"line":15,"column":33}},"4":{"start":{"line":16,"column":8},"end":{"line":16,"column":23}},"5":{"start":{"line":20,"column":8},"end":{"line":20,"column":26}},"6":{"start":{"line":24,"column":8},"end":{"line":24,"column":65}},"7":{"start":{"line":24,"column":39},"end":{"line":24,"column":63}},"8":{"start":{"line":28,"column":8},"end":{"line":28,"column":83}},"9":{"start":{"line":28,"column":41},"end":{"line":28,"column":81}},"10":{"start":{"line":32,"column":21},"end":{"line":32,"column":37}},"11":{"start":{"line":33,"column":8},"end":{"line":37,"column":9}},"12":{"start":{"line":34,"column":12},"end":{"line":34,"column":31}},"13":{"start":{"line":35,"column":12},"end":{"line":35,"column":35}},"14":{"start":{"line":36,"column":12},"end":{"line":36,"column":24}},"15":{"start":{"line":38,"column":8},"end":{"line":38,"column":20}},"16":{"start":{"line":42,"column":22},"end":{"line":42,"column":76}},"17":{"start":{"line":42,"column":51},"end":{"line":42,"column":75}},"18":{"start":{"line":43,"column":8},"end":{"line":46,"column":9}},"19":{"start":{"line":44,"column":12},"end":{"line":44,"column":40}},"20":{"start":{"line":45,"column":12},"end":{"line":45,"column":24}},"21":{"start":{"line":47,"column":8},"end":{"line":47,"column":21}},"22":{"start":{"line":51,"column":0},"end":{"line":51,"column":28}}},"fnMap":{"0":{"name":"(anonymous_0)","decl":{"start":{"line":2,"column":4},"end":{"line":2,"column":5}},"loc":{"start":{"line":2,"column":18},"end":{"line":5,"column":5}},"line":2},"1":{"name":"(anonymous_1)","decl":{"start":{"line":7,"column":4},"end":{"line":7,"column":5}},"loc":{"start":{"line":7,"column":39},"end":{"line":17,"column":5}},"line":7},"2":{"name":"(anonymous_2)","decl":{"start":{"line":19,"column":4},"end":{"line":19,"column":5}},"loc":{"start":{"line":19,"column":13},"end":{"line":21,"column":5}},"line":19},"3":{"name":"(anonymous_3)","decl":{"start":{"line":23,"column":4},"end":{"line":23,"column":5}},"loc":{"start":{"line":23,"column":16},"end":{"line":25,"column":5}},"line":23},"4":{"name":"(anonymous_4)","decl":{"start":{"line":24,"column":31},"end":{"line":24,"column":32}},"loc":{"start":{"line":24,"column":39},"end":{"line":24,"column":63}},"line":24},"5":{"name":"(anonymous_5)","decl":{"start":{"line":27,"column":4},"end":{"line":27,"column":5}},"loc":{"start":{"line":27,"column":30},"end":{"line":29,"column":5}},"line":27},"6":{"name":"(anonymous_6)","decl":{"start":{"line":28,"column":33},"end":{"line":28,"column":34}},"loc":{"start":{"line":28,"column":41},"end":{"line":28,"column":81}},"line":28},"7":{"name":"(anonymous_7)","decl":{"start":{"line":31,"column":4},"end":{"line":31,"column":5}},"loc":{"start":{"line":31,"column":31},"end":{"line":39,"column":5}},"line":31},"8":{"name":"(anonymous_8)","decl":{"start":{"line":41,"column":4},"end":{"line":41,"column":5}},"loc":{"start":{"line":41,"column":15},"end":{"line":48,"column":5}},"line":41},"9":{"name":"(anonymous_9)","decl":{"start":{"line":42,"column":43},"end":{"line":42,"column":44}},"loc":{"start":{"line":42,"column":51},"end":{"line":42,"column":75}},"line":42}},"branchMap":{"0":{"loc":{"start":{"line":33,"column":8},"end":{"line":37,"column":9}},"type":"if","locations":[{"start":{"line":33,"column":8},"end":{"line":37,"column":9}},{"start":{},"end":{}}],"line":33},"1":{"loc":{"start":{"line":43,"column":8},"end":{"line":46,"column":9}},"type":"if","locations":[{"start":{"line":43,"column":8},"end":{"line":46,"column":9}},{"start":{},"end":{}}],"line":43}},"s":{"0":4,"1":4,"2":21,"3":21,"4":21,"5":6,"6":8,"7":7,"8":1,"9":3,"10":3,"11":3,"12":2,"13":2,"14":2,"15":1,"16":4,"17":3,"18":4,"19":3,"20":3,"21":1,"22":4},"f":{"0":4,"1":21,"2":6,"3":8,"4":7,"5":1,"6":3,"7":3,"8":4,"9":3},"b":{"0":[2,1],"1":[3,1]},"_coverageSchema":"1a1c01bbd47fc00a2c39e90264f33305004495a9","hash":"ed6fba5a04b91d5c38ec92183e416f8532b96c54"}
,"C:\\Data\\Code\\Express\\ECommerce-ExpressJs-Solution-main\\Express\\routes\\index.js": {"path":"C:\\Data\\Code\\Express\\ECommerce-ExpressJs-Solution-main\\Express\\routes\\index.js","statementMap":{"0":{"start":{"line":2,"column":16},"end":{"line":2,"column":34}},"1":{"start":{"line":3,"column":15},"end":{"line":3,"column":31}},"2":{"start":{"line":4,"column":23},"end":{"line":4,"column":63}},"3":{"start":{"line":5,"column":26},"end":{"line":5,"column":69}},"4":{"start":{"line":6,"column":17},"end":{"line":6,"column":46}},"5":{"start":{"line":9,"column":0},"end":{"line":9,"column":38}},"6":{"start":{"line":10,"column":0},"end":{"line":10,"column":45}},"7":{"start":{"line":11,"column":0},"end":{"line":11,"column":49}},"8":{"start":{"line":12,"column":0},"end":{"line":12,"column":46}},"9":{"start":{"line":13,"column":0},"end":{"line":13,"column":49}},"10":{"start":{"line":14,"column":0},"end":{"line":14,"column":46}},"11":{"start":{"line":15,"column":0},"end":{"line":15,"column":49}},"12":{"start":{"line":18,"column":0},"end":{"line":18,"column":50}},"13":{"start":{"line":21,"column":0},"end":{"line":23,"column":3}},"14":{"start":{"line":22,"column":2},"end":{"line":22,"column":31}},"15":{"start":{"line":24,"column":0},"end":{"line":28,"column":3}},"16":{"start":{"line":25,"column":19},"end":{"line":25,"column":27}},"17":{"start":{"line":26,"column":2},"end":{"line":26,"column":24}},"18":{"start":{"line":27,"column":2},"end":{"line":27,"column":20}},"19":{"start":{"line":30,"column":0},"end":{"line":30,"column":24}}},"fnMap":{"0":{"name":"(anonymous_0)","decl":{"start":{"line":21,"column":30},"end":{"line":21,"column":31}},"loc":{"start":{"line":21,"column":44},"end":{"line":23,"column":1}},"line":21},"1":{"name":"(anonymous_1)","decl":{"start":{"line":24,"column":31},"end":{"line":24,"column":32}},"loc":{"start":{"line":24,"column":45},"end":{"line":28,"column":1}},"line":24}},"branchMap":{},"s":{"0":3,"1":3,"2":3,"3":3,"4":3,"5":3,"6":3,"7":3,"8":3,"9":3,"10":3,"11":3,"12":3,"13":3,"14":1,"15":3,"16":1,"17":1,"18":1,"19":3},"f":{"0":1,"1":1},"b":{},"_coverageSchema":"1a1c01bbd47fc00a2c39e90264f33305004495a9","hash":"de8c61cfb7140697052fa83f2c0ae473a916e224"}
}
