TN:
SF:app.js
FNF:0
FNH:0
DA:2,3
DA:3,3
DA:4,3
DA:5,3
DA:6,3
DA:9,3
DA:10,3
DA:13,3
DA:16,3
DA:19,3
DA:21,3
LF:11
LH:11
BRF:0
BRH:0
end_of_record
TN:
SF:controllers\commentController.js
FN:4,(anonymous_0)
FNF:1
FNH:0
FNDA:0,(anonymous_0)
DA:2,3
DA:4,3
DA:5,0
DA:6,0
DA:7,0
LF:5
LH:2
BRF:0
BRH:0
end_of_record
TN:
SF:controllers\postController.js
FN:6,(anonymous_0)
FN:12,(anonymous_1)
FN:23,(anonymous_2)
FN:28,(anonymous_3)
FN:34,(anonymous_4)
FN:44,(anonymous_5)
FN:54,(anonymous_6)
FNF:7
FNH:7
FNDA:2,(anonymous_0)
FNDA:2,(anonymous_1)
FNDA:2,(anonymous_2)
FNDA:1,(anonymous_3)
FNDA:2,(anonymous_4)
FNDA:1,(anonymous_5)
FNDA:2,(anonymous_6)
DA:2,3
DA:3,3
DA:4,3
DA:6,3
DA:7,2
DA:8,2
DA:9,2
DA:12,3
DA:13,2
DA:14,2
DA:16,2
DA:17,2
DA:19,0
DA:23,3
DA:24,2
DA:25,2
DA:28,3
DA:29,1
DA:30,1
DA:31,1
DA:34,3
DA:35,2
DA:36,2
DA:37,2
DA:38,2
DA:40,0
DA:44,3
DA:45,1
DA:46,1
DA:47,1
DA:48,1
DA:50,0
DA:54,3
DA:55,2
DA:56,2
DA:57,2
DA:59,0
LF:37
LH:33
BRDA:16,0,0,2
BRDA:16,0,1,0
BRDA:37,1,0,2
BRDA:37,1,1,0
BRDA:47,2,0,1
BRDA:47,2,1,0
BRDA:56,3,0,2
BRDA:56,3,1,0
BRF:8
BRH:4
end_of_record
TN:
SF:models\category.js
FN:2,(anonymous_0)
FN:7,(anonymous_1)
FN:16,(anonymous_2)
FN:20,(anonymous_3)
FN:21,(anonymous_4)
FNF:5
FNH:5
FNDA:4,(anonymous_0)
FNDA:17,(anonymous_1)
FNDA:8,(anonymous_2)
FNDA:2,(anonymous_3)
FNDA:2,(anonymous_4)
DA:3,4
DA:4,4
DA:8,17
DA:12,17
DA:13,17
DA:17,8
DA:21,2
DA:25,4
LF:8
LH:8
BRF:0
BRH:0
end_of_record
TN:
SF:models\comment.js
FN:2,(anonymous_0)
FN:7,(anonymous_1)
FN:19,(anonymous_2)
FN:20,(anonymous_3)
FNF:4
FNH:4
FNDA:4,(anonymous_0)
FNDA:7,(anonymous_1)
FNDA:6,(anonymous_2)
FNDA:8,(anonymous_3)
DA:3,4
DA:4,4
DA:8,7
DA:15,7
DA:16,7
DA:20,8
DA:24,4
LF:7
LH:7
BRF:0
BRH:0
end_of_record
TN:
SF:models\post.js
FN:2,(anonymous_0)
FN:7,(anonymous_1)
FN:19,(anonymous_2)
FN:23,(anonymous_3)
FN:24,(anonymous_4)
FN:27,(anonymous_5)
FN:28,(anonymous_6)
FN:31,(anonymous_7)
FN:41,(anonymous_8)
FN:42,(anonymous_9)
FNF:10
FNH:10
FNDA:4,(anonymous_0)
FNDA:21,(anonymous_1)
FNDA:6,(anonymous_2)
FNDA:8,(anonymous_3)
FNDA:7,(anonymous_4)
FNDA:1,(anonymous_5)
FNDA:3,(anonymous_6)
FNDA:3,(anonymous_7)
FNDA:4,(anonymous_8)
FNDA:3,(anonymous_9)
DA:3,4
DA:4,4
DA:8,21
DA:15,21
DA:16,21
DA:20,6
DA:24,8
DA:28,3
DA:32,3
DA:33,3
DA:34,2
DA:35,2
DA:36,2
DA:38,1
DA:42,4
DA:43,4
DA:44,3
DA:45,3
DA:47,1
DA:51,4
LF:20
LH:20
BRDA:33,0,0,2
BRDA:33,0,1,1
BRDA:43,1,0,3
BRDA:43,1,1,1
BRF:4
BRH:4
end_of_record
TN:
SF:routes\index.js
FN:21,(anonymous_0)
FN:24,(anonymous_1)
FNF:2
FNH:2
FNDA:1,(anonymous_0)
FNDA:1,(anonymous_1)
DA:2,3
DA:3,3
DA:4,3
DA:5,3
DA:6,3
DA:9,3
DA:10,3
DA:11,3
DA:12,3
DA:13,3
DA:14,3
DA:15,3
DA:18,3
DA:21,3
DA:22,1
DA:24,3
DA:25,1
DA:26,1
DA:27,1
DA:30,3
LF:20
LH:20
BRF:0
BRH:0
end_of_record
